Сборка начата 22.12.2022 17:40:58.
Уровень детализации журнала: Normal.     1>Проект "C:\Users\boroz\ПРОГА\лабы Програмная Инженерия\laba12\ceaser_code\ceaser_code\ceaser_code.vcxproj" в узле 2 (целевые объекты Build).
     1>PrepareForBuild:
         Создание каталога "C:\Users\boroz\ПРОГА\лабы Програмная Инженерия\laba12\ceaser_code\Debug\".
         Создание каталога "Debug\ceaser_code.tlog\".
       InitializeBuildStatus:
         Создание "Debug\ceaser_code.tlog\unsuccessfulbuild", так как было задано "AlwaysCreate".
       ClCompile:
         C:\Program Files (x86)\Microsoft Visual Studio\2019\Community\VC\Tools\MSVC\14.29.30037\bin\HostX86\x86\CL.exe /c /ZI /JMC /nologo /W3 /WX- /diagnostics:column /sdl /Od /Oy- /D WIN32 /D _DEBUG /D _CONSOLE /D _UNICODE /D UNICODE /Gm- /EHsc /RTC1 /MDd /GS /fp:precise /permissive- /Zc:wchar_t /Zc:forScope /Zc:inline /Fo"Debug\\" /Fd"Debug\vc142.pdb" /external:env:EXTERNAL_INCLUDE /external:W3 /Gd /TP /analyze- /FC /errorReport:prompt Source.cpp
         Source.cpp
       Link:
         C:\Program Files (x86)\Microsoft Visual Studio\2019\Community\VC\Tools\MSVC\14.29.30037\bin\HostX86\x86\link.exe /ERRORREPORT:PROMPT /OUT:"C:\Users\boroz\ПРОГА\лабы Програмная Инженерия\laba12\ceaser_code\Debug\ceaser_code.exe" /INCREMENTAL /ILK:"Debug\ceaser_code.ilk" /NOLOGO kernel32.lib user32.lib gdi32.lib winspool.lib comdlg32.lib advapi32.lib shell32.lib ole32.lib oleaut32.lib uuid.lib odbc32.lib odbccp32.lib /MANIFEST /MANIFESTUAC:"level='asInvoker' uiAccess='false'" /manifest:embed /DEBUG /PDB:"C:\Users\boroz\ПРОГА\лабы Програмная Инженерия\laba12\ceaser_code\Debug\ceaser_code.pdb" /SUBSYSTEM:CONSOLE /TLBID:1 /DYNAMICBASE /NXCOMPAT /IMPLIB:"C:\Users\boroz\ПРОГА\лабы Програмная Инженерия\laba12\ceaser_code\Debug\ceaser_code.lib" /MACHINE:X86 Debug\Source.obj
         ceaser_code.vcxproj -> C:\Users\boroz\ПРОГА\лабы Програмная Инженерия\laba12\ceaser_code\Debug\ceaser_code.exe
       FinalizeBuildStatus:
         Файл "Debug\ceaser_code.tlog\unsuccessfulbuild" удаляется.
         Обращение к "Debug\ceaser_code.tlog\ceaser_code.lastbuildstate".
     1>Сборка проекта "C:\Users\boroz\ПРОГА\лабы Програмная Инженерия\laba12\ceaser_code\ceaser_code\ceaser_code.vcxproj" завершена (целевые объекты Build).

Сборка успешно завершена.
    Предупреждений: 0
    Ошибок: 0

Прошло времени 00:00:01.58
