Сборка начата 22.12.2022 23:37:36.
Уровень детализации журнала: Normal.     1>Проект "D:\1 семестр\ОПИ\turtle\turtle\turtle.vcxproj" в узле 2 (целевые объекты Build).
     1>PrepareForBuild:
         Создание каталога "D:\1 семестр\ОПИ\turtle\x64\Debug\".
         Создание каталога "x64\Debug\turtle.tlog\".
       InitializeBuildStatus:
         Создание "x64\Debug\turtle.tlog\unsuccessfulbuild", так как было задано "AlwaysCreate".
       ClCompile:
         C:\Program Files\Microsoft Visual Studio\2022\Community\VC\Tools\MSVC\14.33.31629\bin\HostX64\x64\CL.exe /c /ZI /JMC /nologo /W3 /WX- /diagnostics:column /sdl /Od /D _DEBUG /D _CONSOLE /D _UNICODE /D UNICODE /Gm- /EHsc /RTC1 /MDd /GS /fp:precise /Zc:wchar_t /Zc:forScope /Zc:inline /permissive- /Fo"x64\Debug\\" /Fd"x64\Debug\vc143.pdb" /external:W3 /Gd /TP /FC /errorReport:prompt turtle.cpp
         turtle.cpp
       Link:
         C:\Program Files\Microsoft Visual Studio\2022\Community\VC\Tools\MSVC\14.33.31629\bin\HostX64\x64\link.exe /ERRORREPORT:PROMPT /OUT:"D:\1 семестр\ОПИ\turtle\x64\Debug\turtle.exe" /INCREMENTAL /ILK:"x64\Debug\turtle.ilk" /NOLOGO kernel32.lib user32.lib gdi32.lib winspool.lib comdlg32.lib advapi32.lib shell32.lib ole32.lib oleaut32.lib uuid.lib odbc32.lib odbccp32.lib /MANIFEST /MANIFESTUAC:"level='asInvoker' uiAccess='false'" /manifest:embed /DEBUG /PDB:"D:\1 семестр\ОПИ\turtle\x64\Debug\turtle.pdb" /SUBSYSTEM:CONSOLE /TLBID:1 /DYNAMICBASE /NXCOMPAT /IMPLIB:"D:\1 семестр\ОПИ\turtle\x64\Debug\turtle.lib" /MACHINE:X64 x64\Debug\turtle.obj
         turtle.vcxproj -> D:\1 семестр\ОПИ\turtle\x64\Debug\turtle.exe
       FinalizeBuildStatus:
         Файл "x64\Debug\turtle.tlog\unsuccessfulbuild" удаляется.
         Обращение к "x64\Debug\turtle.tlog\turtle.lastbuildstate".
     1>Сборка проекта "D:\1 семестр\ОПИ\turtle\turtle\turtle.vcxproj" завершена (целевые объекты Build).

Сборка успешно завершена.
    Предупреждений: 0
    Ошибок: 0

Прошло времени 00:00:09.37
